This is pdfTeX, Version 3.1415926-2.4-1.40.13 (TeX Live 2012/Debian) (format=pdflatex 2013.6.27)  30 AUG 2013 00:21
entering extended mode
 restricted \write18 enabled.
 %&-line parsing enabled.
**Flitwig-ni_Su.tex
(./Flitwig-ni_Su.tex
LaTeX2e <2011/06/27>
Babel <v3.8m> and hyphenation patterns for english, dumylang, nohyphenation, et
hiopic, farsi, arabic, pinyin, croatian, bulgarian, ukrainian, russian, slovak,
 czech, danish, dutch, usenglishmax, ukenglish, finnish, french, basque, ngerma
n, german, swissgerman, ngerman-x-2012-05-30, german-x-2012-05-30, monogreek, g
reek, ibycus, ancientgreek, hungarian, bengali, tamil, hindi, telugu, gujarati,
 sanskrit, malayalam, kannada, assamese, marathi, oriya, panjabi, italian, lati
n, latvian, lithuanian, mongolian, mongolianlmc, nynorsk, bokmal, indonesian, e
speranto, coptic, welsh, irish, interlingua, serbian, serbianc, slovenian, friu
lan, romansh, estonian, romanian, armenian, uppersorbian, turkish, afrikaans, i
celandic, kurmanji, polish, portuguese, galician, catalan, spanish, swedish, th
ai, loaded.
(/usr/share/texlive/texmf-dist/tex/latex/base/proc.cls
Document Class: proc 1995/11/30 v1.3l Standard LaTeX document class
(/usr/share/texlive/texmf-dist/tex/latex/base/article.cls
Document Class: article 2007/10/19 v1.4h Standard LaTeX document class
(/usr/share/texlive/texmf-dist/tex/latex/base/size10.clo
File: size10.clo 2007/10/19 v1.4h Standard LaTeX file (size option)
)
\c@part=\count79
\c@section=\count80
\c@subsection=\count81
\c@subsubsection=\count82
\c@paragraph=\count83
\c@subparagraph=\count84
\c@figure=\count85
\c@table=\count86
\abovecaptionskip=\skip41
\belowcaptionskip=\skip42
\bibindent=\dimen102
))
(/usr/share/texlive/texmf-dist/tex/generic/german/ngerman.sty v2.5e 1998-07-08
Package: ngerman 1998/07/08 v2.5e Support for writing german texts (br)
\grmnU@D=\dimen103
ngerman -- \language number for naustrian undefined, default 20 used.
) (/usr/share/texlive/texmf-dist/tex/latex/fancyhdr/fancyhdr.sty
\fancy@headwidth=\skip43
\f@ncyO@elh=\skip44
\f@ncyO@erh=\skip45
\f@ncyO@olh=\skip46
\f@ncyO@orh=\skip47
\f@ncyO@elf=\skip48
\f@ncyO@erf=\skip49
\f@ncyO@olf=\skip50
\f@ncyO@orf=\skip51
)
No file Flitwig-ni_Su.aux.
\openout1 = `Flitwig-ni_Su.aux'.

LaTeX Font Info:    Checking defaults for OML/cmm/m/it on input line 16.
LaTeX Font Info:    ... okay on input line 16.
LaTeX Font Info:    Checking defaults for T1/cmr/m/n on input line 16.
LaTeX Font Info:    ... okay on input line 16.
LaTeX Font Info:    Checking defaults for OT1/cmr/m/n on input line 16.
LaTeX Font Info:    ... okay on input line 16.
LaTeX Font Info:    Checking defaults for OMS/cmsy/m/n on input line 16.
LaTeX Font Info:    ... okay on input line 16.
LaTeX Font Info:    Checking defaults for OMX/cmex/m/n on input line 16.
LaTeX Font Info:    ... okay on input line 16.
LaTeX Font Info:    Checking defaults for U/cmr/m/n on input line 16.
LaTeX Font Info:    ... okay on input line 16.
LaTeX Font Info:    External font `cmex10' loaded for size
(Font)              <12> on input line 17.
LaTeX Font Info:    External font `cmex10' loaded for size
(Font)              <8> on input line 17.
LaTeX Font Info:    External font `cmex10' loaded for size
(Font)              <6> on input line 17.

Underfull \hbox (badness 10000) in paragraph at lines 19--159

 []


Underfull \hbox (badness 1648) in paragraph at lines 19--159
\OT1/cmr/m/n/10 an-geh[]ort der Reich-tum nicht in Boh-nen oder
 []


Underfull \hbox (badness 10000) in paragraph at lines 19--159

 []


Underfull \hbox (badness 3009) in paragraph at lines 19--159
\OT1/cmr/m/n/10 Seine Haut hat ei-ne Far-be von Wie-sen-moos
 []


Underfull \hbox (badness 2181) in paragraph at lines 19--159
\OT1/cmr/m/n/10 Al-le sind da-bei aus Fa-sern der Ka-kao-pflan-ze
 []


Underfull \hbox (badness 10000) in paragraph at lines 19--159

 []


Underfull \hbox (badness 3780) in paragraph at lines 19--159
\OT1/cmr/m/n/10 Da er auf sei-nen Z[]ugen durch die Scher-be
 []


Underfull \hbox (badness 1515) in paragraph at lines 19--159
\OT1/cmr/m/n/10 Das ei-ne ist ei-ne []Ca-lu\ mit wel-cher Flit-wig
 []


Underfull \hbox (badness 10000) in paragraph at lines 19--159

 []


Underfull \hbox (badness 1173) in paragraph at lines 19--159
\OT1/cmr/m/n/10 Dabei nutzt er den Ka-kao nicht nur um sei-
 []


Underfull \hbox (badness 1092) in paragraph at lines 19--159
\OT1/cmr/m/n/10 boh-nen\ soll-ten dann an an-de-re Ka-kaoh[]and-ler
 []


Underfull \hbox (badness 10000) in paragraph at lines 19--159

 []


Underfull \hbox (badness 1596) in paragraph at lines 19--159
\OT1/cmr/m/n/10 Magie selbst ist f[]ur Flitwig-ni Su nicht ganz
 []


Underfull \hbox (badness 1297) in paragraph at lines 19--159
\OT1/cmr/m/n/10 lie-hen wur-de, ist sei-ne ste-ti-ge Er-fin-dungs-ga-be.
 []


Underfull \hbox (badness 2961) in paragraph at lines 19--159
\OT1/cmr/m/n/10 meh-re-re Wich-tel kral-len sich an je-dem Arm
 []


Underfull \hbox (badness 1348) in paragraph at lines 19--159
\OT1/cmr/m/n/10 sie-ben und drei-vier-tel Fliks. Kein Wun-der, er
 []


Underfull \hbox (badness 10000) in paragraph at lines 19--159

 []


Underfull \hbox (badness 2600) in paragraph at lines 19--159
\OT1/cmr/m/n/10 wel-che den Ver-mu-tun-gen zu-fol-ge nach Kaf-fee
 []


Underfull \hbox (badness 3291) in paragraph at lines 19--159
\OT1/cmr/m/n/10 gie-ren oder auch Braun-wich-tel wel-che Ta-bak
 []


Underfull \hbox (badness 10000) in paragraph at lines 19--159

 []


Underfull \hbox (badness 1253) in paragraph at lines 19--159
\OT1/cmr/m/n/10 che Kri-mi-na-lit[]at in sei-nem Dorf aus-zu-schal-ten
 []


Underfull \hbox (badness 4899) in paragraph at lines 19--159
\OT1/cmr/m/n/10 wur-den an-fin-gen hef-ti-ge Ent-zugs-er-schei-nun-gen
 []


Underfull \hbox (badness 4353) in paragraph at lines 19--159
\OT1/cmr/m/n/10 Ein an-de-rer Vor-schlag war je-den Ver-bre-cher
 []


Underfull \hbox (badness 3884) in paragraph at lines 19--159
\OT1/cmr/m/n/10 des Ver-bre-chens ab-hing wen-da-ria-gef[]allig neue
 []


Underfull \hbox (badness 3579) in paragraph at lines 19--159
\OT1/cmr/m/n/10 der Ver-bre-cher zum Wen-da-ria-pries-ter ge-weiht
 []


Underfull \hbox (badness 10000) in paragraph at lines 19--159

 []


Underfull \hbox (badness 2608) in paragraph at lines 19--159
\OT1/cmr/m/n/10 Das soll aber nicht hei-^^Yen das er nur eher
 []


Underfull \hbox (badness 1406) in paragraph at lines 19--159
\OT1/cmr/m/n/10 bis-her nie-mand ge-fun-den der den Dia-lekt des
 []


Underfull \hbox (badness 1281) in paragraph at lines 19--159
\OT1/cmr/m/n/10 Oder sein selbstr[]uhren-der Kochl[]offel. Er r[]uhrt
 []


Underfull \hbox (badness 10000) in paragraph at lines 19--159

 []


Underfull \hbox (badness 1742) in paragraph at lines 19--159
\OT1/cmr/m/n/10 Derzeit wan-dert er []uber die Scher-be um ein
 []


Underfull \vbox (badness 10000) has occurred while \output is active []


Underfull \vbox (badness 10000) has occurred while \output is active []

 [1{/var/lib/texmf/fonts/map/pdftex/updmap/pdftex.map}


] [2] [3

] (./Flitwig-ni_Su.aux) ) 
Here is how much of TeX's memory you used:
 546 strings out of 493485
 6081 string characters out of 3143526
 81008 words of memory out of 3000000
 3916 multiletter control sequences out of 15000+200000
 7679 words of font info for 27 fonts, out of 3000000 for 9000
 959 hyphenation exceptions out of 8191
 32i,10n,43p,201b,233s stack positions out of 5000i,500n,10000p,200000b,50000s
</usr/share/texlive/texmf-dist/fonts/type1/public/amsf
onts/cm/cmr10.pfb></usr/share/texlive/texmf-dist/fonts/type1/public/amsfonts/cm
/cmr12.pfb></usr/share/texlive/texmf-dist/fonts/type1/public/amsfonts/cm/cmr17.
pfb></usr/share/texlive/texmf-dist/fonts/type1/public/amsfonts/cm/cmsl10.pfb></
usr/share/texlive/texmf-dist/fonts/type1/public/amsfonts/cm/cmsl12.pfb>
Output written on Flitwig-ni_Su.pdf (3 pages, 72228 bytes).
PDF statistics:
 34 PDF objects out of 1000 (max. 8388607)
 23 compressed objects within 1 object stream
 0 named destinations out of 1000 (max. 500000)
 1 words of extra memory for PDF output out of 10000 (max. 10000000)

